  achievements.cpp
  game.cpp
C:\Users\Malalis\Desktop\game\game\game\game.cpp(118,1): warning C4566: character represented by universal-character-name '\u2588' cannot be represented in the current code page (1252)
C:\Users\Malalis\Desktop\game\game\game\game.cpp(119,1): warning C4566: character represented by universal-character-name '\u2588' cannot be represented in the current code page (1252)
C:\Users\Malalis\Desktop\game\game\game\game.cpp(119,1): warning C4566: character represented by universal-character-name '\u2591' cannot be represented in the current code page (1252)
C:\Users\Malalis\Desktop\game\game\game\game.cpp(120,1): warning C4566: character represented by universal-character-name '\u2588' cannot be represented in the current code page (1252)
C:\Users\Malalis\Desktop\game\game\game\game.cpp(120,1): warning C4566: character represented by universal-character-name '\u2591' cannot be represented in the current code page (1252)
C:\Users\Malalis\Desktop\game\game\game\game.cpp(121,1): warning C4566: character represented by universal-character-name '\u2591' cannot be represented in the current code page (1252)
C:\Users\Malalis\Desktop\game\game\game\game.cpp(121,1): warning C4566: character represented by universal-character-name '\u2588' cannot be represented in the current code page (1252)
C:\Users\Malalis\Desktop\game\game\game\game.cpp(122,1): warning C4566: character represented by universal-character-name '\u2591' cannot be represented in the current code page (1252)
C:\Users\Malalis\Desktop\game\game\game\game.cpp(122,1): warning C4566: character represented by universal-character-name '\u2588' cannot be represented in the current code page (1252)
C:\Users\Malalis\Desktop\game\game\game\game.cpp(123,1): warning C4566: character represented by universal-character-name '\u2591' cannot be represented in the current code page (1252)
C:\Users\Malalis\Desktop\game\game\game\game.cpp(123,1): warning C4566: character represented by universal-character-name '\u2588' cannot be represented in the current code page (1252)
C:\Users\Malalis\Desktop\game\game\game\game.cpp(124,1): warning C4566: character represented by universal-character-name '\u2591' cannot be represented in the current code page (1252)
C:\Users\Malalis\Desktop\game\game\game\game.cpp(124,1): warning C4566: character represented by universal-character-name '\u2588' cannot be represented in the current code page (1252)
C:\Users\Malalis\Desktop\game\game\game\game.cpp(125,1): warning C4566: character represented by universal-character-name '\u2591' cannot be represented in the current code page (1252)
C:\Users\Malalis\Desktop\game\game\game\game.cpp(129,1): warning C4566: character represented by universal-character-name '\u2588' cannot be represented in the current code page (1252)
C:\Users\Malalis\Desktop\game\game\game\game.cpp(130,1): warning C4566: character represented by universal-character-name '\u2591' cannot be represented in the current code page (1252)
C:\Users\Malalis\Desktop\game\game\game\game.cpp(130,1): warning C4566: character represented by universal-character-name '\u2588' cannot be represented in the current code page (1252)
C:\Users\Malalis\Desktop\game\game\game\game.cpp(131,1): warning C4566: character represented by universal-character-name '\u2591' cannot be represented in the current code page (1252)
C:\Users\Malalis\Desktop\game\game\game\game.cpp(131,1): warning C4566: character represented by universal-character-name '\u2588' cannot be represented in the current code page (1252)
C:\Users\Malalis\Desktop\game\game\game\game.cpp(132,1): warning C4566: character represented by universal-character-name '\u2591' cannot be represented in the current code page (1252)
C:\Users\Malalis\Desktop\game\game\game\game.cpp(132,1): warning C4566: character represented by universal-character-name '\u2588' cannot be represented in the current code page (1252)
C:\Users\Malalis\Desktop\game\game\game\game.cpp(133,1): warning C4566: character represented by universal-character-name '\u2591' cannot be represented in the current code page (1252)
C:\Users\Malalis\Desktop\game\game\game\game.cpp(133,1): warning C4566: character represented by universal-character-name '\u2588' cannot be represented in the current code page (1252)
C:\Users\Malalis\Desktop\game\game\game\game.cpp(134,1): warning C4566: character represented by universal-character-name '\u2588' cannot be represented in the current code page (1252)
C:\Users\Malalis\Desktop\game\game\game\game.cpp(134,1): warning C4566: character represented by universal-character-name '\u2591' cannot be represented in the current code page (1252)
C:\Users\Malalis\Desktop\game\game\game\game.cpp(135,1): warning C4566: character represented by universal-character-name '\u2591' cannot be represented in the current code page (1252)
C:\Users\Malalis\Desktop\game\game\game\game.cpp(135,1): warning C4566: character represented by universal-character-name '\u2588' cannot be represented in the current code page (1252)
C:\Users\Malalis\Desktop\game\game\game\game.cpp(136,1): warning C4566: character represented by universal-character-name '\u2591' cannot be represented in the current code page (1252)
C:\Users\Malalis\Desktop\game\game\game\game.cpp(140,1): warning C4566: character represented by universal-character-name '\u2588' cannot be represented in the current code page (1252)
C:\Users\Malalis\Desktop\game\game\game\game.cpp(141,1): warning C4566: character represented by universal-character-name '\u2591' cannot be represented in the current code page (1252)
C:\Users\Malalis\Desktop\game\game\game\game.cpp(141,1): warning C4566: character represented by universal-character-name '\u2588' cannot be represented in the current code page (1252)
C:\Users\Malalis\Desktop\game\game\game\game.cpp(142,1): warning C4566: character represented by universal-character-name '\u2591' cannot be represented in the current code page (1252)
C:\Users\Malalis\Desktop\game\game\game\game.cpp(142,1): warning C4566: character represented by universal-character-name '\u2588' cannot be represented in the current code page (1252)
C:\Users\Malalis\Desktop\game\game\game\game.cpp(143,1): warning C4566: character represented by universal-character-name '\u2591' cannot be represented in the current code page (1252)
C:\Users\Malalis\Desktop\game\game\game\game.cpp(143,1): warning C4566: character represented by universal-character-name '\u2588' cannot be represented in the current code page (1252)
C:\Users\Malalis\Desktop\game\game\game\game.cpp(144,1): warning C4566: character represented by universal-character-name '\u2591' cannot be represented in the current code page (1252)
C:\Users\Malalis\Desktop\game\game\game\game.cpp(144,1): warning C4566: character represented by universal-character-name '\u2588' cannot be represented in the current code page (1252)
C:\Users\Malalis\Desktop\game\game\game\game.cpp(145,1): warning C4566: character represented by universal-character-name '\u2591' cannot be represented in the current code page (1252)
C:\Users\Malalis\Desktop\game\game\game\game.cpp(145,1): warning C4566: character represented by universal-character-name '\u2588' cannot be represented in the current code page (1252)
C:\Users\Malalis\Desktop\game\game\game\game.cpp(146,1): warning C4566: character represented by universal-character-name '\u2588' cannot be represented in the current code page (1252)
C:\Users\Malalis\Desktop\game\game\game\game.cpp(146,1): warning C4566: character represented by universal-character-name '\u2591' cannot be represented in the current code page (1252)
C:\Users\Malalis\Desktop\game\game\game\game.cpp(147,1): warning C4566: character represented by universal-character-name '\u2591' cannot be represented in the current code page (1252)
C:\Users\Malalis\Desktop\game\game\game\game.cpp(151,1): warning C4566: character represented by universal-character-name '\u2588' cannot be represented in the current code page (1252)
C:\Users\Malalis\Desktop\game\game\game\game.cpp(152,1): warning C4566: character represented by universal-character-name '\u2591' cannot be represented in the current code page (1252)
C:\Users\Malalis\Desktop\game\game\game\game.cpp(152,1): warning C4566: character represented by universal-character-name '\u2588' cannot be represented in the current code page (1252)
C:\Users\Malalis\Desktop\game\game\game\game.cpp(153,1): warning C4566: character represented by universal-character-name '\u2591' cannot be represented in the current code page (1252)
C:\Users\Malalis\Desktop\game\game\game\game.cpp(153,1): warning C4566: character represented by universal-character-name '\u2588' cannot be represented in the current code page (1252)
C:\Users\Malalis\Desktop\game\game\game\game.cpp(154,1): warning C4566: character represented by universal-character-name '\u2591' cannot be represented in the current code page (1252)
C:\Users\Malalis\Desktop\game\game\game\game.cpp(154,1): warning C4566: character represented by universal-character-name '\u2588' cannot be represented in the current code page (1252)
C:\Users\Malalis\Desktop\game\game\game\game.cpp(155,1): warning C4566: character represented by universal-character-name '\u2591' cannot be represented in the current code page (1252)
C:\Users\Malalis\Desktop\game\game\game\game.cpp(155,1): warning C4566: character represented by universal-character-name '\u2588' cannot be represented in the current code page (1252)
C:\Users\Malalis\Desktop\game\game\game\game.cpp(156,1): warning C4566: character represented by universal-character-name '\u2591' cannot be represented in the current code page (1252)
C:\Users\Malalis\Desktop\game\game\game\game.cpp(156,1): warning C4566: character represented by universal-character-name '\u2588' cannot be represented in the current code page (1252)
C:\Users\Malalis\Desktop\game\game\game\game.cpp(157,1): warning C4566: character represented by universal-character-name '\u2588' cannot be represented in the current code page (1252)
C:\Users\Malalis\Desktop\game\game\game\game.cpp(157,1): warning C4566: character represented by universal-character-name '\u2591' cannot be represented in the current code page (1252)
C:\Users\Malalis\Desktop\game\game\game\game.cpp(158,1): warning C4566: character represented by universal-character-name '\u2591' cannot be represented in the current code page (1252)
C:\Users\Malalis\Desktop\game\game\game\game.cpp(162,1): warning C4566: character represented by universal-character-name '\u2588' cannot be represented in the current code page (1252)
C:\Users\Malalis\Desktop\game\game\game\game.cpp(163,1): warning C4566: character represented by universal-character-name '\u2591' cannot be represented in the current code page (1252)
C:\Users\Malalis\Desktop\game\game\game\game.cpp(163,1): warning C4566: character represented by universal-character-name '\u2588' cannot be represented in the current code page (1252)
C:\Users\Malalis\Desktop\game\game\game\game.cpp(164,1): warning C4566: character represented by universal-character-name '\u2591' cannot be represented in the current code page (1252)
C:\Users\Malalis\Desktop\game\game\game\game.cpp(164,1): warning C4566: character represented by universal-character-name '\u2588' cannot be represented in the current code page (1252)
C:\Users\Malalis\Desktop\game\game\game\game.cpp(165,1): warning C4566: character represented by universal-character-name '\u2591' cannot be represented in the current code page (1252)
C:\Users\Malalis\Desktop\game\game\game\game.cpp(165,1): warning C4566: character represented by universal-character-name '\u2588' cannot be represented in the current code page (1252)
C:\Users\Malalis\Desktop\game\game\game\game.cpp(166,1): warning C4566: character represented by universal-character-name '\u2591' cannot be represented in the current code page (1252)
C:\Users\Malalis\Desktop\game\game\game\game.cpp(166,1): warning C4566: character represented by universal-character-name '\u2588' cannot be represented in the current code page (1252)
C:\Users\Malalis\Desktop\game\game\game\game.cpp(167,1): warning C4566: character represented by universal-character-name '\u2591' cannot be represented in the current code page (1252)
C:\Users\Malalis\Desktop\game\game\game\game.cpp(167,1): warning C4566: character represented by universal-character-name '\u2588' cannot be represented in the current code page (1252)
C:\Users\Malalis\Desktop\game\game\game\game.cpp(168,1): warning C4566: character represented by universal-character-name '\u2588' cannot be represented in the current code page (1252)
C:\Users\Malalis\Desktop\game\game\game\game.cpp(169,1): warning C4566: character represented by universal-character-name '\u2591' cannot be represented in the current code page (1252)
C:\Users\Malalis\Desktop\game\game\game\game.cpp(173,1): warning C4566: character represented by universal-character-name '\u2588' cannot be represented in the current code page (1252)
C:\Users\Malalis\Desktop\game\game\game\game.cpp(174,1): warning C4566: character represented by universal-character-name '\u2591' cannot be represented in the current code page (1252)
C:\Users\Malalis\Desktop\game\game\game\game.cpp(174,1): warning C4566: character represented by universal-character-name '\u2588' cannot be represented in the current code page (1252)
C:\Users\Malalis\Desktop\game\game\game\game.cpp(175,1): warning C4566: character represented by universal-character-name '\u2591' cannot be represented in the current code page (1252)
C:\Users\Malalis\Desktop\game\game\game\game.cpp(175,1): warning C4566: character represented by universal-character-name '\u2588' cannot be represented in the current code page (1252)
C:\Users\Malalis\Desktop\game\game\game\game.cpp(176,1): warning C4566: character represented by universal-character-name '\u2591' cannot be represented in the current code page (1252)
C:\Users\Malalis\Desktop\game\game\game\game.cpp(176,1): warning C4566: character represented by universal-character-name '\u2588' cannot be represented in the current code page (1252)
C:\Users\Malalis\Desktop\game\game\game\game.cpp(177,1): warning C4566: character represented by universal-character-name '\u2591' cannot be represented in the current code page (1252)
C:\Users\Malalis\Desktop\game\game\game\game.cpp(177,1): warning C4566: character represented by universal-character-name '\u2588' cannot be represented in the current code page (1252)
C:\Users\Malalis\Desktop\game\game\game\game.cpp(178,1): warning C4566: character represented by universal-character-name '\u2591' cannot be represented in the current code page (1252)
C:\Users\Malalis\Desktop\game\game\game\game.cpp(178,1): warning C4566: character represented by universal-character-name '\u2588' cannot be represented in the current code page (1252)
C:\Users\Malalis\Desktop\game\game\game\game.cpp(179,1): warning C4566: character represented by universal-character-name '\u2588' cannot be represented in the current code page (1252)
C:\Users\Malalis\Desktop\game\game\game\game.cpp(179,1): warning C4566: character represented by universal-character-name '\u2591' cannot be represented in the current code page (1252)
C:\Users\Malalis\Desktop\game\game\game\game.cpp(180,1): warning C4566: character represented by universal-character-name '\u2591' cannot be represented in the current code page (1252)
C:\Users\Malalis\Desktop\game\game\game\game.cpp(184,1): warning C4566: character represented by universal-character-name '\u2588' cannot be represented in the current code page (1252)
C:\Users\Malalis\Desktop\game\game\game\game.cpp(185,1): warning C4566: character represented by universal-character-name '\u2588' cannot be represented in the current code page (1252)
C:\Users\Malalis\Desktop\game\game\game\game.cpp(185,1): warning C4566: character represented by universal-character-name '\u2591' cannot be represented in the current code page (1252)
C:\Users\Malalis\Desktop\game\game\game\game.cpp(186,1): warning C4566: character represented by universal-character-name '\u2588' cannot be represented in the current code page (1252)
C:\Users\Malalis\Desktop\game\game\game\game.cpp(186,1): warning C4566: character represented by universal-character-name '\u2591' cannot be represented in the current code page (1252)
C:\Users\Malalis\Desktop\game\game\game\game.cpp(187,1): warning C4566: character represented by universal-character-name '\u2591' cannot be represented in the current code page (1252)
C:\Users\Malalis\Desktop\game\game\game\game.cpp(187,1): warning C4566: character represented by universal-character-name '\u2588' cannot be represented in the current code page (1252)
C:\Users\Malalis\Desktop\game\game\game\game.cpp(188,1): warning C4566: character represented by universal-character-name '\u2591' cannot be represented in the current code page (1252)
C:\Users\Malalis\Desktop\game\game\game\game.cpp(188,1): warning C4566: character represented by universal-character-name '\u2588' cannot be represented in the current code page (1252)
C:\Users\Malalis\Desktop\game\game\game\game.cpp(189,1): warning C4566: character represented by universal-character-name '\u2591' cannot be represented in the current code page (1252)
C:\Users\Malalis\Desktop\game\game\game\game.cpp(189,1): warning C4566: character represented by universal-character-name '\u2588' cannot be represented in the current code page (1252)
C:\Users\Malalis\Desktop\game\game\game\game.cpp(190,1): warning C4566: character represented by universal-character-name '\u2591' cannot be represented in the current code page (1252)
C:\Users\Malalis\Desktop\game\game\game\game.cpp(190,1): warning C4566: character represented by universal-character-name '\u2588' cannot be represented in the current code page (1252)
C:\Users\Malalis\Desktop\game\game\game\game.cpp(191,1): warning C4566: character represented by universal-character-name '\u2591' cannot be represented in the current code page (1252)
C:\Users\Malalis\Desktop\game\game\game\game.cpp(195,1): warning C4566: character represented by universal-character-name '\u2588' cannot be represented in the current code page (1252)
C:\Users\Malalis\Desktop\game\game\game\game.cpp(196,1): warning C4566: character represented by universal-character-name '\u2591' cannot be represented in the current code page (1252)
C:\Users\Malalis\Desktop\game\game\game\game.cpp(196,1): warning C4566: character represented by universal-character-name '\u2588' cannot be represented in the current code page (1252)
C:\Users\Malalis\Desktop\game\game\game\game.cpp(197,1): warning C4566: character represented by universal-character-name '\u2591' cannot be represented in the current code page (1252)
C:\Users\Malalis\Desktop\game\game\game\game.cpp(197,1): warning C4566: character represented by universal-character-name '\u2588' cannot be represented in the current code page (1252)
C:\Users\Malalis\Desktop\game\game\game\game.cpp(198,1): warning C4566: character represented by universal-character-name '\u2591' cannot be represented in the current code page (1252)
C:\Users\Malalis\Desktop\game\game\game\game.cpp(198,1): warning C4566: character represented by universal-character-name '\u2588' cannot be represented in the current code page (1252)
C:\Users\Malalis\Desktop\game\game\game\game.cpp(199,1): warning C4566: character represented by universal-character-name '\u2591' cannot be represented in the current code page (1252)
C:\Users\Malalis\Desktop\game\game\game\game.cpp(199,1): warning C4566: character represented by universal-character-name '\u2588' cannot be represented in the current code page (1252)
C:\Users\Malalis\Desktop\game\game\game\game.cpp(200,1): warning C4566: character represented by universal-character-name '\u2591' cannot be represented in the current code page (1252)
C:\Users\Malalis\Desktop\game\game\game\game.cpp(200,1): warning C4566: character represented by universal-character-name '\u2588' cannot be represented in the current code page (1252)
C:\Users\Malalis\Desktop\game\game\game\game.cpp(201,1): warning C4566: character represented by universal-character-name '\u2588' cannot be represented in the current code page (1252)
C:\Users\Malalis\Desktop\game\game\game\game.cpp(201,1): warning C4566: character represented by universal-character-name '\u2591' cannot be represented in the current code page (1252)
C:\Users\Malalis\Desktop\game\game\game\game.cpp(202,1): warning C4566: character represented by universal-character-name '\u2591' cannot be represented in the current code page (1252)
C:\Users\Malalis\Desktop\game\game\game\game.cpp(206,1): warning C4566: character represented by universal-character-name '\u2588' cannot be represented in the current code page (1252)
C:\Users\Malalis\Desktop\game\game\game\game.cpp(207,1): warning C4566: character represented by universal-character-name '\u2588' cannot be represented in the current code page (1252)
C:\Users\Malalis\Desktop\game\game\game\game.cpp(207,1): warning C4566: character represented by universal-character-name '\u2591' cannot be represented in the current code page (1252)
C:\Users\Malalis\Desktop\game\game\game\game.cpp(208,1): warning C4566: character represented by universal-character-name '\u2591' cannot be represented in the current code page (1252)
C:\Users\Malalis\Desktop\game\game\game\game.cpp(208,1): warning C4566: character represented by universal-character-name '\u2588' cannot be represented in the current code page (1252)
C:\Users\Malalis\Desktop\game\game\game\game.cpp(209,1): warning C4566: character represented by universal-character-name '\u2591' cannot be represented in the current code page (1252)
C:\Users\Malalis\Desktop\game\game\game\game.cpp(209,1): warning C4566: character represented by universal-character-name '\u2588' cannot be represented in the current code page (1252)
C:\Users\Malalis\Desktop\game\game\game\game.cpp(210,1): warning C4566: character represented by universal-character-name '\u2591' cannot be represented in the current code page (1252)
C:\Users\Malalis\Desktop\game\game\game\game.cpp(210,1): warning C4566: character represented by universal-character-name '\u2588' cannot be represented in the current code page (1252)
C:\Users\Malalis\Desktop\game\game\game\game.cpp(211,1): warning C4566: character represented by universal-character-name '\u2588' cannot be represented in the current code page (1252)
C:\Users\Malalis\Desktop\game\game\game\game.cpp(211,1): warning C4566: character represented by universal-character-name '\u2591' cannot be represented in the current code page (1252)
C:\Users\Malalis\Desktop\game\game\game\game.cpp(212,1): warning C4566: character represented by universal-character-name '\u2591' cannot be represented in the current code page (1252)
C:\Users\Malalis\Desktop\game\game\game\game.cpp(212,1): warning C4566: character represented by universal-character-name '\u2588' cannot be represented in the current code page (1252)
C:\Users\Malalis\Desktop\game\game\game\game.cpp(213,1): warning C4566: character represented by universal-character-name '\u2591' cannot be represented in the current code page (1252)
C:\Users\Malalis\Desktop\game\game\game\game.cpp(217,1): warning C4566: character represented by universal-character-name '\u2588' cannot be represented in the current code page (1252)
C:\Users\Malalis\Desktop\game\game\game\game.cpp(218,1): warning C4566: character represented by universal-character-name '\u2591' cannot be represented in the current code page (1252)
C:\Users\Malalis\Desktop\game\game\game\game.cpp(218,1): warning C4566: character represented by universal-character-name '\u2588' cannot be represented in the current code page (1252)
C:\Users\Malalis\Desktop\game\game\game\game.cpp(219,1): warning C4566: character represented by universal-character-name '\u2591' cannot be represented in the current code page (1252)
C:\Users\Malalis\Desktop\game\game\game\game.cpp(219,1): warning C4566: character represented by universal-character-name '\u2588' cannot be represented in the current code page (1252)
C:\Users\Malalis\Desktop\game\game\game\game.cpp(220,1): warning C4566: character represented by universal-character-name '\u2591' cannot be represented in the current code page (1252)
C:\Users\Malalis\Desktop\game\game\game\game.cpp(220,1): warning C4566: character represented by universal-character-name '\u2588' cannot be represented in the current code page (1252)
C:\Users\Malalis\Desktop\game\game\game\game.cpp(221,1): warning C4566: character represented by universal-character-name '\u2591' cannot be represented in the current code page (1252)
C:\Users\Malalis\Desktop\game\game\game\game.cpp(221,1): warning C4566: character represented by universal-character-name '\u2588' cannot be represented in the current code page (1252)
C:\Users\Malalis\Desktop\game\game\game\game.cpp(222,1): warning C4566: character represented by universal-character-name '\u2591' cannot be represented in the current code page (1252)
C:\Users\Malalis\Desktop\game\game\game\game.cpp(222,1): warning C4566: character represented by universal-character-name '\u2588' cannot be represented in the current code page (1252)
C:\Users\Malalis\Desktop\game\game\game\game.cpp(223,1): warning C4566: character represented by universal-character-name '\u2588' cannot be represented in the current code page (1252)
C:\Users\Malalis\Desktop\game\game\game\game.cpp(223,1): warning C4566: character represented by universal-character-name '\u2591' cannot be represented in the current code page (1252)
C:\Users\Malalis\Desktop\game\game\game\game.cpp(224,1): warning C4566: character represented by universal-character-name '\u2591' cannot be represented in the current code page (1252)
C:\Users\Malalis\Desktop\game\game\game\game.cpp(231,23): warning C4267: 'initializing': conversion from 'size_t' to 'int', possible loss of data
  halloffame.cpp
  settings.cpp
  startgame.cpp
C:\Users\Malalis\Desktop\game\game\game\startgame.cpp(396,38): warning C4244: '=': conversion from '_Rep' to 'int', possible loss of data
          with
          [
              _Rep=__int64
          ]
  Generating Code...
  game.vcxproj -> C:\Users\Malalis\Desktop\game\game\x64\Debug\game.exe
